\BOOKMARK [1][-]{section.1}{Introduction}{}% 1
\BOOKMARK [1][-]{section.2}{Formalism}{}% 2
\BOOKMARK [1][-]{section.3}{In the gm2 Framework}{}% 3
\BOOKMARK [2][-]{subsection.3.1}{Event Generation, Geometry, and Material}{section.3}% 4
\BOOKMARK [2][-]{subsection.3.2}{Reconstruction Flow}{section.3}% 5
\BOOKMARK [2][-]{subsection.3.3}{fcl File Specifics - RunGeane.fcl}{section.3}% 6
\BOOKMARK [2][-]{subsection.3.4}{geaneFitParams.fcl}{section.3}% 7
\BOOKMARK [2][-]{subsection.3.5}{Reconstruction Files}{section.3}% 8
\BOOKMARK [2][-]{subsection.3.6}{Analyzers and Filters}{section.3}% 9
\BOOKMARK [2][-]{subsection.3.7}{Other useful fcl files}{section.3}% 10
\BOOKMARK [2][-]{subsection.3.8}{Code peculiarities / notes}{section.3}% 11
\BOOKMARK [1][-]{section.4}{Left-Right}{}% 12
\BOOKMARK [2][-]{subsection.4.1}{mainFit}{section.4}% 13
\BOOKMARK [2][-]{subsection.4.2}{fullSeqFit}{section.4}% 14
\BOOKMARK [1][-]{section.5}{gm2Geane package in artg4 - eloss, brems, ionizations, msc}{}% 15
\BOOKMARK [1][-]{section.6}{Coordinate Systems}{}% 16
\BOOKMARK [1][-]{section.7}{notes and other}{}% 17
\BOOKMARK [2][-]{subsection.7.1}{Kalman Filter}{section.7}% 18
\BOOKMARK [1][-]{section.8}{Acknowledgements}{}% 19
\BOOKMARK [1][-]{section.9}{Appendix}{}% 20
\BOOKMARK [2][-]{subsection.9.1}{Angular correction}{section.9}% 21
\BOOKMARK [1][-]{section.10}{Plots}{}% 22
